
> vite_react_shadcn_ts@0.0.0 build
> vite build

[36mvite v5.4.19 [32mbuilding for production...[36m[39m
transforming...
[32m✓[39m 33 modules transformed.
[31mx[39m Build failed in 1.90s
[31merror during build:
[31m[vite:esbuild] Transform failed with 3 errors:
C:/Users/dbcdk/Desktop/insight-builder-studio-main/src/pages/AnalysisResults.tsx:719:14: ERROR: Unexpected closing "TabsContent" tag does not match opening "Tabs" tag
C:/Users/dbcdk/Desktop/insight-builder-studio-main/src/pages/AnalysisResults.tsx:720:10: ERROR: Unexpected closing "Tabs" tag does not match opening "AppLayout" tag
C:/Users/dbcdk/Desktop/insight-builder-studio-main/src/pages/AnalysisResults.tsx:722:12: ERROR: Expected ")" but found "{"[31m
file: [36mC:/Users/dbcdk/Desktop/insight-builder-studio-main/src/pages/AnalysisResults.tsx:719:14[31m
[33m
[33mUnexpected closing "TabsContent" tag does not match opening "Tabs" tag[33m
717|                      )}
718|                  </TabsContent>
719|              </TabsContent>
   |                ^
720|          </Tabs>
721|  

[33mUnexpected closing "Tabs" tag does not match opening "AppLayout" tag[33m
718|                  </TabsContent>
719|              </TabsContent>
720|          </Tabs>
   |            ^
721|  
722|              {/* Label Management Dialog */ }

[33mExpected ")" but found "{"[33m
720|          </Tabs>
721|  
722|              {/* Label Management Dialog */ }
   |              ^
723|      <Dialog open={isLabelDialogOpen} onOpenChange={(open) => {
724|          setIsLabelDialogOpen(open);
[31m
    at failureErrorWithLog (C:\Users\dbcdk\Desktop\insight-builder-studio-main\node_modules\esbuild\lib\main.js:1472:15)
    at C:\Users\dbcdk\Desktop\insight-builder-studio-main\node_modules\esbuild\lib\main.js:755:50
    at responseCallbacks.<computed> (C:\Users\dbcdk\Desktop\insight-builder-studio-main\node_modules\esbuild\lib\main.js:622:9)
    at handleIncomingPacket (C:\Users\dbcdk\Desktop\insight-builder-studio-main\node_modules\esbuild\lib\main.js:677:12)
    at Socket.readFromStdout (C:\Users\dbcdk\Desktop\insight-builder-studio-main\node_modules\esbuild\lib\main.js:600:7)
    at Socket.emit (node:events:524:28)
    at addChunk (node:internal/streams/readable:561:12)
    at readableAddChunkPushByteMode (node:internal/streams/readable:512:3)
    at Readable.push (node:internal/streams/readable:392:5)
    at Pipe.onStreamRead (node:internal/stream_base_commons:191:23)[39m
